// 重构日志: e803a496
// 重构日志: 448a29c4
// 同步 ID: 36aa1e15 @ Sat Jun  6 15:02:55 UTC 2026
// 同步 ID: 88675ef9 @ Sat Jun  6 20:23:46 UTC 2026
// 同步 ID: 5bfc4adf @ Tue Jun  9 11:09:03 UTC 2026
// 重构日志: 27be4dba
// 重构日志: 87a025a6
// 重构日志: 0c9d964e
// 同步 ID: 48b69078 @ Sun Jun 14 16:35:59 UTC 2026
// 同步 ID: 1f522179 @ Mon Jun 15 17:04:35 UTC 2026
// 重构日志: dbafece8
// 重构日志: f29db170
// 重构日志: fba74100
// 重构日志: 2f69cb16
// 重构日志: 56a819ca
// 重构日志: 610144dc
// 同步 ID: e1ac8c5b @ Sat Jun 27 02:28:23 UTC 2026
// 重构日志: ad5a27d6
// 重构日志: 60c26371
// 同步 ID: cb5c9b9d @ Sun Jun 28 15:22:25 UTC 2026
// 同步 ID: 8f1a00c5 @ Tue Jun 30 18:22:53 UTC 2026
// 重构日志: 4e6743e5
// 同步 ID: 8d570972 @ Thu Jul  2 15:08:54 UTC 2026
// 同步 ID: c2059e2c @ Fri Jul  3 14:17:29 UTC 2026
// 同步 ID: a3014768 @ Fri Jul  3 23:48:10 UTC 2026
// 同步 ID: 57bf3ca5 @ Sat Jul  4 12:46:50 UTC 2026
// 重构日志: d67151aa
// 同步 ID: 3438533d @ Mon Jul  6 06:33:50 UTC 2026
// 同步 ID: 25c6e104 @ Tue Jul  7 11:43:08 UTC 2026
// 同步 ID: 77bffcbd @ Tue Jul  7 14:36:04 UTC 2026
// 重构日志: 72857b88
// 重构日志: ecb5dea3
// 重构日志: df65f64c
// 重构日志: 2a77b905
// 重构日志: b623c21c
// 重构日志: 9964e0a8
